Change Component Designator: Old Designator=B5 New Designator=B1
Change Component Designator: Old Designator=B6 New Designator=B2
Change Component Designator: Old Designator=B7 New Designator=B3
Change Component Designator: Old Designator=C50 New Designator=C1
Change Component Designator: Old Designator=C51 New Designator=C2
Change Component Designator: Old Designator=C52 New Designator=C3
Change Component Designator: Old Designator=C53 New Designator=C4
Change Component Designator: Old Designator=C54 New Designator=C5
Change Component Designator: Old Designator=C55 New Designator=C6
Change Component Designator: Old Designator=D9 New Designator=D1
Change Component Designator: Old Designator=J4 New Designator=J1
Change Component Designator: Old Designator=Q3 New Designator=Q1
Change Component Designator: Old Designator=Q3 New Designator=Q1
Change Component Designator: Old Designator=R41 New Designator=R1
Change Component Designator: Old Designator=R42 New Designator=R2
Change Component Designator: Old Designator=R43 New Designator=R3
Change Component Designator: Old Designator=R44 New Designator=R4
Change Component Designator: Old Designator=R45 New Designator=R5
Change Component Designator: Old Designator=R46 New Designator=R6
Change Component Designator: Old Designator=U10 New Designator=U1
Change Component Designator: Old Designator=U11 New Designator=U2
Change Component Designator: Old Designator=U12 New Designator=U3
Change Component Designator: Old Designator=U13 New Designator=U4
Change Component Designator: Old Designator=W5 New Designator=W1
Change Component Designator: Old Designator=W6 New Designator=W2
Change Component Designator: Old Designator=W7 New Designator=W3
