Removed Pin From Net: NetName=VBAT Pin=U10-2
Removed Pin From Net: NetName=VBAT Pin=U10-5
Removed Member From Class: ClassName=Off-Board Sensors Member=TP21
Added Component: Designator=R46(0603 Resistor)
Add component. Clean all parameters for all variants
Add component (AddParameter): Name = "LatestRevisionDate"; Value = "29-May-2009"; VariantName = "[No Variations]"
Add component (AddParameter): Name = "LatestRevisionNote"; Value = "IPC-7351 Footprint Added."; VariantName = "[No Variations]"
Add component (AddParameter): Name = "PackageDescription"; Value = "Chip Resistor"; VariantName = "[No Variations]"
Add component (AddParameter): Name = "PackageReference"; Value = "J1-0603"; VariantName = "[No Variations]"
Add component (AddParameter): Name = "Published"; Value = "8-Jun-2000"; VariantName = "[No Variations]"
Add component (AddParameter): Name = "Publisher"; Value = "Altium Limited"; VariantName = "[No Variations]"
Add component (AddParameter): Name = "Value"; Value = "10k"; VariantName = "[No Variations]"
Added Pin To Net: NetName=VBAT Pin=R46-2
Added Pin To Net: NetName=iSENSE_ADC Pin=U5-3
Added Pin To Net: NetName=NetR46_1 Pin=R46-1
Added Pin To Net: NetName=NetR46_1 Pin=U10-2
Added Pin To Net: NetName=NetR46_1 Pin=U10-5
Added Net: Name=NetR46_1
Added Member To Class: ClassName=Off-Board Sensors Member=Component R46 RC0603FR-0710KL
Added Member To Class: ClassName=Debug Member=Component TP16 Via
Added Member To Class: ClassName=Power Stage Member=Component TP21 Via
Added Member To Class: ClassName=Off-Board Sensors Member=Component TP22 5003
Added Member To Class: ClassName=Off-Board Sensors Member=Component TP23 5003
PCB-ECO: Change Pad Pin/Pkg Length: Old=0mm New=1mm
PCB-ECO: Change Pad Pin/Pkg Length: Old=0mm New=1mm
PCB-ECO: Change Pad Pin/Pkg Length: Old=0mm New=1mm
PCB-ECO: Change Pad Pin/Pkg Length: Old=0mm New=1mm
PCB-ECO: Change Pad Pin/Pkg Length: Old=0mm New=1mm
PCB-ECO: Change Pad Pin/Pkg Length: Old=0mm New=1mm
