Added Component: Designator=C53(0805 Capacitor)
Add component. Clean all parameters for all variants
Add component (AddParameter): Name = "LatestRevisionDate"; Value = "29-May-2009"; VariantName = "[No Variations]"
Add component (AddParameter): Name = "LatestRevisionNote"; Value = "IPC-7351 Footprint Added."; VariantName = "[No Variations]"
Add component (AddParameter): Name = "PackageDescription"; Value = "Chip Capacitor"; VariantName = "[No Variations]"
Add component (AddParameter): Name = "PackageReference"; Value = "C1206"; VariantName = "[No Variations]"
Add component (AddParameter): Name = "Published"; Value = "8-Jun-2000"; VariantName = "[No Variations]"
Add component (AddParameter): Name = "Publisher"; Value = "Altium Limited"; VariantName = "[No Variations]"
Add component (AddParameter): Name = "Value"; Value = "4.7uF"; VariantName = "[No Variations]"
Added Component: Designator=R47(0603 Resistor)
Add component. Clean all parameters for all variants
Add component (AddParameter): Name = "LatestRevisionDate"; Value = "29-May-2009"; VariantName = "[No Variations]"
Add component (AddParameter): Name = "LatestRevisionNote"; Value = "IPC-7351 Footprint Added."; VariantName = "[No Variations]"
Add component (AddParameter): Name = "PackageDescription"; Value = "Chip Resistor"; VariantName = "[No Variations]"
Add component (AddParameter): Name = "PackageReference"; Value = "J1-0603"; VariantName = "[No Variations]"
Add component (AddParameter): Name = "Published"; Value = "8-Jun-2000"; VariantName = "[No Variations]"
Add component (AddParameter): Name = "Publisher"; Value = "Altium Limited"; VariantName = "[No Variations]"
Add component (AddParameter): Name = "Value"; Value = "4K7"; VariantName = "[No Variations]"
Added Component: Designator=SCL_1V8(Via test point)
Add component. Clean all parameters for all variants
Added Component: Designator=SDA_1V8(Via test point)
Add component. Clean all parameters for all variants
Added Component: Designator=U12(CCS811)
Add component. Clean all parameters for all variants
Added Pin To Net: NetName=GND Pin=C53-1
Added Pin To Net: NetName=VBAT Pin=C53-2
Added Pin To Net: NetName=VBAT Pin=R47-2
Added Pin To Net: NetName=I2C_SCL_1V8 Pin=SCL_1V8-1
Added Pin To Net: NetName=I2C_SDA_1V8 Pin=SDA_1V8-1
Added Pin To Net: NetName=NetR33_1 Pin=U5-3
Added Pin To Net: NetName=GND Pin=U12-1
Added Pin To Net: NetName=VBAT Pin=U12-6
Added Pin To Net: NetName=GND Pin=U12-7
Added Pin To Net: NetName=GND Pin=U12-8
Added Pin To Net: NetName=GND Pin=U12-11
Added Pin To Net: NetName=NetR47_1 Pin=R47-1
Added Pin To Net: NetName=NetR47_1 Pin=U12-2
Added Net: Name=NetR47_1
Added Pin To Net: NetName=NetU12_4 Pin=U12-4
Added Pin To Net: NetName=NetU12_4 Pin=U12-5
Added Net: Name=NetU12_4
Added Member To Class: ClassName=Off-Board Sensors Member=Component C53 CL21A475KACLRNC
Added Member To Class: ClassName=Off-Board Sensors Member=Component R47 ERJ-3EKF4701V
Added Member To Class: ClassName=Off-Board Sensors Member=Component SCL_1V8 Via
Added Member To Class: ClassName=Off-Board Sensors Member=Component SDA_1V8 Via
Added Member To Class: ClassName=Off-Board Sensors Member=Component U12 CCS811
PCB-ECO: Change Pad Pin/Pkg Length: Old=0mm New=1mm
PCB-ECO: Change Pad Pin/Pkg Length: Old=0mm New=1mm
PCB-ECO: Change Pad Pin/Pkg Length: Old=0mm New=1mm
PCB-ECO: Change Pad Pin/Pkg Length: Old=0mm New=1mm
PCB-ECO: Change Pad Pin/Pkg Length: Old=0mm New=1mm
PCB-ECO: Change Pad Pin/Pkg Length: Old=0mm New=1mm
