Removed Pin From Net: NetName=VBAT Pin=C52-2
Removed Pin From Net: NetName=VBAT Pin=C53-2
Removed Pin From Net: NetName=VBAT Pin=C54-2
Removed Pin From Net: NetName=VBAT Pin=C55-2
Removed Pin From Net: NetName=VBAT Pin=R45-2
Removed Pin From Net: NetName=VBAT Pin=R46-2
Removed Pin From Net: NetName=VBAT Pin=U11-6
Removed Pin From Net: NetName=VBAT Pin=U12-6
Removed Pin From Net: NetName=VBAT Pin=U12-8
Removed Pin From Net: NetName=VBAT Pin=U13-3
Removed Pin From Net: NetName=VBAT Pin=VBAT1-1
Added Pin To Net: NetName=VBAT_S Pin=C52-2
Added Pin To Net: NetName=VBAT_S Pin=C53-2
Added Pin To Net: NetName=VBAT_S Pin=C54-2
Added Pin To Net: NetName=VBAT_S Pin=C55-2
Added Pin To Net: NetName=VBAT_S Pin=R45-2
Added Pin To Net: NetName=VBAT_S Pin=R46-2
Added Pin To Net: NetName=VBAT_S Pin=U11-6
Added Pin To Net: NetName=VBAT_S Pin=U12-6
Added Pin To Net: NetName=VBAT_S Pin=U12-8
Added Pin To Net: NetName=VBAT_S Pin=U13-3
Added Pin To Net: NetName=VBAT_S Pin=VBAT1-1
