Removed Pin From Net: NetName=3V3_OUT Pin=D8-4
Added Component: Designator=J3(1986775-6)
Add component. Clean all parameters for all variants
Added Pin To Net: NetName=GND Pin=D8-2
Added Pin To Net: NetName=3V3_OUT Pin=D8-4
Added Pin To Net: NetName=OB_I2C_SDA Pin=D8-4
Added Pin To Net: NetName=3V3_OUT Pin=J3-1
Added Pin To Net: NetName=3V3_OUT Pin=J3-1
Added Pin To Net: NetName=GND Pin=J3-4
Added Pin To Net: NetName=GND Pin=J3-4
Added Pin To Net: NetName=VBAT_PR_IN Pin=J3-5
Added Pin To Net: NetName=VBAT_PR_IN Pin=J3-5
Added Pin To Net: NetName=GND Pin=J3-6
Added Pin To Net: NetName=GND Pin=J3-6
Added Member To Class: ClassName=Power Stage Member=Component J3 1986775-6
Added Room: Name=Debug
Added Room: Name=LoRa Transceiver
Added Room: Name=Microcontroller Interface
Added Room: Name=Off-Board Sensors
Added Room: Name=Power Stage
Added Room: Name=Sensors
