Change Component Footprint: Designator=TP1 Old Footprint=5003 TEST POINT New Footprint=Via test point
Change Component Footprint: Designator=TP2 Old Footprint=5003 TEST POINT New Footprint=Via test point
Change Component Footprint: Designator=TP14 Old Footprint=5003 TEST POINT New Footprint=Via test point
Change Component Footprint: Designator=TP15 Old Footprint=5003 TEST POINT New Footprint=Via test point
Change Component Footprint: Designator=TP17 Old Footprint=5003 TEST POINT New Footprint=Via test point
Change Component Footprint: Designator=TP18 Old Footprint=5003 TEST POINT New Footprint=Via test point
Change Component Footprint: Designator=TP20 Old Footprint=5003 TEST POINT New Footprint=Via test point
Change Component Footprint: Designator=TP21 Old Footprint=5003 TEST POINT New Footprint=Via test point
Change Component Footprint: Designator=TP22 Old Footprint=5003 TEST POINT New Footprint=Via test point
Change Component Comment : Designator=TP1 Old Comment=5003 New Comment=Via
Change Component Comment : Designator=TP2 Old Comment=5003 New Comment=Via
Change Component Comment : Designator=TP14 Old Comment=5003 New Comment=Via
Change Component Comment : Designator=TP15 Old Comment=5003 New Comment=Via
Change Component Comment : Designator=TP17 Old Comment=5003 New Comment=Via
Change Component Comment : Designator=TP18 Old Comment=5003 New Comment=Via
Change Component Comment : Designator=TP20 Old Comment=5003 New Comment=Via
Change Component Comment : Designator=TP21 Old Comment=5003 New Comment=Via
Change Component Comment : Designator=TP22 Old Comment=5003 New Comment=Via
Change Component Designator: OldDesignator=TP4 NewDesignator=TP6
Change Component Designator: OldDesignator=TP5 NewDesignator=TP7
Change Component Designator: OldDesignator=TP6 NewDesignator=TP4
Change Component Designator: OldDesignator=TP7 NewDesignator=TP8
Change Component Designator: OldDesignator=TP8 NewDesignator=TP9
Change Component Designator: OldDesignator=TP9 NewDesignator=TP5
Change Component Designator: OldDesignator=TP17 NewDesignator=TP16
Change Component Designator: OldDesignator=TP18 NewDesignator=TP17
Change Component Designator: OldDesignator=TP19 NewDesignator=TP18
Change Component Designator: OldDesignator=TP20 NewDesignator=TP19
Change Component Designator: OldDesignator=TP21 NewDesignator=TP20
Change Component Designator: OldDesignator=TP22 NewDesignator=TP21
Change Component Designator: OldDesignator=TP23 NewDesignator=TP24
Change Component Designator: OldDesignator=TP24 NewDesignator=TP25
Change component parameters: Designator = "TP1"; Footprint = "Via test point"; UniqueID = "\BGKXMNRF"
Change component parameters. Clean all parameters for all variants
Change component parameters: Designator = "TP2"; Footprint = "Via test point"; UniqueID = "\WOQXLLVI"
Change component parameters. Clean all parameters for all variants
Change component parameters: Designator = "TP3"; Footprint = "5003 test point"; UniqueID = "\GXGCGREJ"
Change component parameters. Clean all parameters for all variants
Change component parameters: Designator = "TP6"; Footprint = "5003 test point"; UniqueID = "\QRJSPLOS"
Change component parameters. Clean all parameters for all variants
Change component parameters: Designator = "TP7"; Footprint = "5003 test point"; UniqueID = "\XVPQJCQW"
Change component parameters. Clean all parameters for all variants
Change component parameters: Designator = "TP4"; Footprint = "5003 test point"; UniqueID = "\DVQPLARG"
Change component parameters. Clean all parameters for all variants
Change component parameters: Designator = "TP8"; Footprint = "5003 test point"; UniqueID = "\QYRIFFXW"
Change component parameters. Clean all parameters for all variants
Change component parameters: Designator = "TP9"; Footprint = "5003 test point"; UniqueID = "\UMUVWSFY"
Change component parameters. Clean all parameters for all variants
Change component parameters: Designator = "TP5"; Footprint = "5003 test point"; UniqueID = "\XAGJQGED"
Change component parameters. Clean all parameters for all variants
Change component parameters: Designator = "TP10"; Footprint = "5003 test point"; UniqueID = "\SUACJJAX"
Change component parameters. Clean all parameters for all variants
Change component parameters: Designator = "TP11"; Footprint = "5003 test point"; UniqueID = "\FOWXGWQC"
Change component parameters. Clean all parameters for all variants
Change component parameters: Designator = "TP12"; Footprint = "5003 test point"; UniqueID = "\TYBPIKWR"
Change component parameters. Clean all parameters for all variants
Change component parameters: Designator = "TP13"; Footprint = "5003 test point"; UniqueID = "\IKHQCOVG"
Change component parameters. Clean all parameters for all variants
Change component parameters: Designator = "TP14"; Footprint = "Via test point"; UniqueID = "\JLLVXRBK"
Change component parameters. Clean all parameters for all variants
Change component parameters: Designator = "TP15"; Footprint = "Via test point"; UniqueID = "\VTYJCGIW"
Change component parameters. Clean all parameters for all variants
Change component parameters: Designator = "TP16"; Footprint = "Via test point"; UniqueID = "\WWXWHDNY"
Change component parameters. Clean all parameters for all variants
Change component parameters: Designator = "TP17"; Footprint = "Via test point"; UniqueID = "\PFKKCGMV"
Change component parameters. Clean all parameters for all variants
Change component parameters: Designator = "TP18"; Footprint = "5003 test point"; UniqueID = "\XMCTMCCB"
Change component parameters. Clean all parameters for all variants
Change component parameters: Designator = "TP19"; Footprint = "Via test point"; UniqueID = "\PRKCTLEW"
Change component parameters. Clean all parameters for all variants
Change component parameters: Designator = "TP20"; Footprint = "Via test point"; UniqueID = "\XEIAYSFR"
Change component parameters. Clean all parameters for all variants
Change component parameters: Designator = "TP21"; Footprint = "Via test point"; UniqueID = "\FTAJXJUF"
Change component parameters. Clean all parameters for all variants
Change component parameters: Designator = "TP24"; Footprint = "5003 test point"; UniqueID = "\TTITETMK"
Change component parameters. Clean all parameters for all variants
Change component parameters: Designator = "TP25"; Footprint = "5003 test point"; UniqueID = "\SRWJJGJL"
Change component parameters. Clean all parameters for all variants
Added Component: Designator=TP22(5003 test point)
Add component. Clean all parameters for all variants
Added Component: Designator=TP23(5003 test point)
Add component. Clean all parameters for all variants
Added Component: Designator=TP26(5003 test point)
Add component. Clean all parameters for all variants
Added Pin To Net: NetName=GND Pin=C1-1
Added Pin To Net: NetName=VBAT Pin=C1-2
Added Pin To Net: NetName=GND Pin=C2-1
Added Pin To Net: NetName=VBAT Pin=C2-2
Added Pin To Net: NetName=GND Pin=C3-1
Added Pin To Net: NetName=VBAT Pin=C3-2
Added Pin To Net: NetName=GND Pin=C4-1
Added Pin To Net: NetName=VBAT Pin=C4-2
Added Pin To Net: NetName=GND Pin=C5-1
Added Pin To Net: NetName=VBAT Pin=C5-2
Added Pin To Net: NetName=GND Pin=C6-1
Added Pin To Net: NetName=VBAT Pin=C6-2
Added Pin To Net: NetName=GND Pin=C7-1
Added Pin To Net: NetName=3V0_REF Pin=C7-2
Added Pin To Net: NetName=GND Pin=C8-1
Added Pin To Net: NetName=3V0_REF Pin=C8-2
Added Pin To Net: NetName=GND Pin=C9-1
Added Pin To Net: NetName=NetC9_2 Pin=C9-2
Added Pin To Net: NetName=NetC10_1 Pin=C10-1
Added Pin To Net: NetName=GND Pin=C10-2
Added Pin To Net: NetName=GND Pin=C11-1
Added Pin To Net: NetName=VBAT Pin=C11-2
Added Pin To Net: NetName=NetC12_1 Pin=C12-1
Added Pin To Net: NetName=NetC12_2 Pin=C12-2
Added Pin To Net: NetName=GND Pin=C13-1
Added Pin To Net: NetName=NetC13_2 Pin=C13-2
Added Pin To Net: NetName=GND Pin=C14-1
Added Pin To Net: NetName=NetC13_2 Pin=C14-2
Added Pin To Net: NetName=GND Pin=C15-1
Added Pin To Net: NetName=3V0_REF Pin=C15-2
Added Pin To Net: NetName=GND Pin=C16-1
Added Pin To Net: NetName=TEMP_WDG Pin=C16-2
Added Pin To Net: NetName=GND Pin=C17-1
Added Pin To Net: NetName=TEMP_ADC Pin=C17-2
Added Pin To Net: NetName=VBAT Pin=C18-1
Added Pin To Net: NetName=GND Pin=C18-2
Added Pin To Net: NetName=GND Pin=C19-1
Added Pin To Net: NetName=VBAT Pin=C19-2
Added Pin To Net: NetName=GND Pin=C20-1
Added Pin To Net: NetName=3V0_REF Pin=C20-2
Added Pin To Net: NetName=GND Pin=C21-1
Added Pin To Net: NetName=VBAT_PR_IN Pin=C21-2
Added Pin To Net: NetName=GND Pin=C22-1
Added Pin To Net: NetName=VBAT_SEC_IN Pin=C22-2
Added Pin To Net: NetName=GND Pin=C23-1
Added Pin To Net: NetName=VBAT Pin=C23-2
Added Pin To Net: NetName=GND Pin=C24-1
Added Pin To Net: NetName=VBAT Pin=C24-2
Added Pin To Net: NetName=GND Pin=C25-1
Added Pin To Net: NetName=VBAT Pin=C25-2
Added Pin To Net: NetName=GND Pin=C26-1
Added Pin To Net: NetName=3V3_OUT Pin=C26-2
Added Pin To Net: NetName=GND Pin=C27-1
Added Pin To Net: NetName=3V3_OUT Pin=C27-2
Added Pin To Net: NetName=GND Pin=C28-1
Added Pin To Net: NetName=VBAT Pin=C28-2
Added Pin To Net: NetName=GND Pin=C29-1
Added Pin To Net: NetName=VBAT Pin=C29-2
Added Pin To Net: NetName=GND Pin=C30-1
Added Pin To Net: NetName=VBAT Pin=C30-2
Added Pin To Net: NetName=GND Pin=C31-1
Added Pin To Net: NetName=3V0_REF Pin=C31-2
Added Pin To Net: NetName=GND Pin=C32-1
Added Pin To Net: NetName=NetC32_2 Pin=C32-2
Added Pin To Net: NetName=NetC33_1 Pin=C33-1
Added Pin To Net: NetName=GND Pin=C33-2
Added Pin To Net: NetName=NetC34_1 Pin=C34-1
Added Pin To Net: NetName=GND Pin=C34-2
Added Pin To Net: NetName=NetC35_1 Pin=C35-1
Added Pin To Net: NetName=NetC35_2 Pin=C35-2
Added Pin To Net: NetName=NetC36_1 Pin=C36-1
Added Pin To Net: NetName=NetC36_2 Pin=C36-2
Added Pin To Net: NetName=GND Pin=C37-1
Added Pin To Net: NetName=RFI Pin=C37-2
Added Pin To Net: NetName=GND Pin=C38-1
Added Pin To Net: NetName=NetC38_2 Pin=C38-2
Added Pin To Net: NetName=GND Pin=C39-1
Added Pin To Net: NetName=NetC36_1 Pin=C39-2
Added Pin To Net: NetName=GND Pin=C40-1
Added Pin To Net: NetName=Antenna Pin=C40-2
Added Pin To Net: NetName=VR_PA Pin=C41-1
Added Pin To Net: NetName=GND Pin=C41-2
Added Pin To Net: NetName=GND Pin=C42-1
Added Pin To Net: NetName=VR_PA Pin=C42-2
Added Pin To Net: NetName=NetC43_1 Pin=C43-1
Added Pin To Net: NetName=NetC43_2 Pin=C43-2
Added Pin To Net: NetName=NetC44_1 Pin=C44-1
Added Pin To Net: NetName=GND Pin=C44-2
Added Pin To Net: NetName=NetC45_1 Pin=C45-1
Added Pin To Net: NetName=NetC45_2 Pin=C45-2
Added Pin To Net: NetName=GND Pin=C46-1
Added Pin To Net: NetName=NetC45_1 Pin=C46-2
Added Pin To Net: NetName=GND Pin=C47-1
Added Pin To Net: NetName=NetC43_2 Pin=C47-2
Added Pin To Net: NetName=GND Pin=C48-1
Added Pin To Net: NetName=NetC43_1 Pin=C48-2
Added Pin To Net: NetName=GND Pin=C49-1
Added Pin To Net: NetName=1V8 Pin=C49-2
Added Pin To Net: NetName=GND Pin=C50-1
Added Pin To Net: NetName=1V8 Pin=C50-2
Added Pin To Net: NetName=GND Pin=C51-1
Added Pin To Net: NetName=VBAT Pin=C51-2
Added Pin To Net: NetName=GND Pin=C52-1
Added Pin To Net: NetName=VBAT Pin=C52-2
Added Pin To Net: NetName=GND Pin=C53-1
Added Pin To Net: NetName=VBAT Pin=C53-2
Added Pin To Net: NetName=SWCLK Pin=D1-1
Added Pin To Net: NetName=GND Pin=D1-2
Added Pin To Net: NetName=SWO Pin=D1-3
Added Pin To Net: NetName=SWDIO Pin=D1-4
Added Pin To Net: NetName=VBAT Pin=D1-5
Added Pin To Net: NetName=NRST Pin=D1-6
Added Pin To Net: NetName=NetD2_1 Pin=D2-1
Added Pin To Net: NetName=NetD2_2 Pin=D2-2
Added Pin To Net: NetName=NetD3_1 Pin=D3-1
Added Pin To Net: NetName=NetD3_2 Pin=D3-2
Added Pin To Net: NetName=NetD4_1 Pin=D4-1
Added Pin To Net: NetName=GND Pin=D4-2
Added Pin To Net: NetName=NetD5_1 Pin=D5-1
Added Pin To Net: NetName=GND Pin=D5-2
Added Pin To Net: NetName=VBAT_PR_IN Pin=D6-1
Added Pin To Net: NetName=VBAT Pin=D6-2
Added Pin To Net: NetName=NetD7_1 Pin=D7-1
Added Pin To Net: NetName=VBAT Pin=D7-2
Added Pin To Net: NetName=GND Pin=D8-2
Added Pin To Net: NetName=VBAT Pin=D8-5
Added Pin To Net: NetName=NetC12_1 Pin=L1-1
Added Pin To Net: NetName=NetC12_2 Pin=L1-2
Added Pin To Net: NetName=RFI Pin=L2-1
Added Pin To Net: NetName=NetC38_2 Pin=L2-2
Added Pin To Net: NetName=NetC45_1 Pin=L3-1
Added Pin To Net: NetName=VR_PA Pin=L3-2
Added Pin To Net: NetName=PA_BOOST Pin=L4-1
Added Pin To Net: NetName=NetC45_1 Pin=L4-2
Added Pin To Net: NetName=NetC45_2 Pin=L5-1
Added Pin To Net: NetName=NetC43_2 Pin=L5-2
Added Pin To Net: NetName=NetC43_2 Pin=L6-1
Added Pin To Net: NetName=NetC43_1 Pin=L6-2
Added Pin To Net: NetName=NetQ1_1 Pin=Q1-1
Added Pin To Net: NetName=NetQ1_2 Pin=Q1-2
Added Pin To Net: NetName=3V0_REF Pin=Q1-3
Added Pin To Net: NetName=NetQ1_4 Pin=Q1-4
Added Pin To Net: NetName=NetQ1_5 Pin=Q1-5
Added Pin To Net: NetName=VBAT Pin=Q1-6
Added Pin To Net: NetName=GND Pin=Q2-1
Added Pin To Net: NetName=NetQ2_2 Pin=Q2-2
Added Pin To Net: NetName=NetD3_2 Pin=Q2-3
Added Pin To Net: NetName=GND Pin=Q2-4
Added Pin To Net: NetName=NetQ2_5 Pin=Q2-5
Added Pin To Net: NetName=NetD2_2 Pin=Q2-6
Added Pin To Net: NetName=I2C_SCL_1V8 Pin=Q3-1
Added Pin To Net: NetName=NetQ3_2 Pin=Q3-2
Added Pin To Net: NetName=I2C_SDA_1V8 Pin=Q3-4
Added Pin To Net: NetName=NetQ3_5 Pin=Q3-5
Added Pin To Net: NetName=SPI_SX1272_CS Pin=R1-1
Added Pin To Net: NetName=NetR1_2 Pin=R1-2
Added Pin To Net: NetName=NetR2_1 Pin=R2-1
Added Pin To Net: NetName=SPI_SX1272_CLK Pin=R2-2
Added Pin To Net: NetName=NetR3_1 Pin=R3-1
Added Pin To Net: NetName=SPI_SX1272_MOSI Pin=R3-2
Added Pin To Net: NetName=I2C_SCL Pin=R4-1
Added Pin To Net: NetName=NetR4_2 Pin=R4-2
Added Pin To Net: NetName=I2C_SDA Pin=R5-1
Added Pin To Net: NetName=NetR5_2 Pin=R5-2
Added Pin To Net: NetName=SPI_AS3935_CS Pin=R6-1
Added Pin To Net: NetName=NetR6_2 Pin=R6-2
Added Pin To Net: NetName=SPI_AS3935_CLK Pin=R7-1
Added Pin To Net: NetName=NetR7_2 Pin=R7-2
Added Pin To Net: NetName=SPI_AS3935_MOSI Pin=R8-1
Added Pin To Net: NetName=NetR8_2 Pin=R8-2
Added Pin To Net: NetName=NRST Pin=R9-1
Added Pin To Net: NetName=VBAT Pin=R9-2
Added Pin To Net: NetName=NetC12_1 Pin=R10-1
Added Pin To Net: NetName=NetC12_2 Pin=R10-2
Added Pin To Net: NetName=SPI_AS3935_MISO Pin=R11-1
Added Pin To Net: NetName=NetR11_2 Pin=R11-2
Added Pin To Net: NetName=NetR12_1 Pin=R12-1
Added Pin To Net: NetName=3V0_REF Pin=R12-2
Added Pin To Net: NetName=GND Pin=R13-1
Added Pin To Net: NetName=NetR12_1 Pin=R13-2
Added Pin To Net: NetName=TEMP_ADC Pin=R14-1
Added Pin To Net: NetName=TEMP_WDG Pin=R14-2
Added Pin To Net: NetName=GND Pin=R15-1
Added Pin To Net: NetName=TEMP_ADC Pin=R15-2
Added Pin To Net: NetName=I2C_SCL Pin=R16-1
Added Pin To Net: NetName=VBAT Pin=R16-2
Added Pin To Net: NetName=I2C_SDA Pin=R17-1
Added Pin To Net: NetName=VBAT Pin=R17-2
Added Pin To Net: NetName=SPI_SX1272_CS Pin=R18-1
Added Pin To Net: NetName=VBAT Pin=R18-2
Added Pin To Net: NetName=SPI_AS3935_CS Pin=R19-1
Added Pin To Net: NetName=VBAT Pin=R19-2
Added Pin To Net: NetName=NetQ1_2 Pin=R20-1
Added Pin To Net: NetName=VBAT Pin=R20-2
Added Pin To Net: NetName=NetD2_1 Pin=R21-1
Added Pin To Net: NetName=VBAT Pin=R21-2
Added Pin To Net: NetName=NetD3_1 Pin=R22-1
Added Pin To Net: NetName=VBAT Pin=R22-2
Added Pin To Net: NetName=NetQ1_5 Pin=R23-1
Added Pin To Net: NetName=3V0_REF Pin=R23-2
Added Pin To Net: NetName=NetQ1_2 Pin=R24-1
Added Pin To Net: NetName=LTNG_WDG Pin=R24-2
Added Pin To Net: NetName=NetQ1_5 Pin=R25-1
Added Pin To Net: NetName=TEMP_WDG Pin=R25-2
Added Pin To Net: NetName=NetD4_1 Pin=R26-1
Added Pin To Net: NetName=NetQ1_1 Pin=R26-2
Added Pin To Net: NetName=NetD5_1 Pin=R27-1
Added Pin To Net: NetName=NetQ1_4 Pin=R27-2
Added Pin To Net: NetName=NetQ2_2 Pin=R28-1
Added Pin To Net: NetName=3V3_OUT Pin=R28-2
Added Pin To Net: NetName=NetQ2_5 Pin=R29-1
Added Pin To Net: NetName=IO_DEBUG Pin=R29-2
Added Pin To Net: NetName=GND Pin=R30-1
Added Pin To Net: NetName=3V3_OUT Pin=R30-2
Added Pin To Net: NetName=GND Pin=R31-1
Added Pin To Net: NetName=IO_DEBUG Pin=R31-2
Added Pin To Net: NetName=GND Pin=R32-1
Added Pin To Net: NetName=REF_EN Pin=R32-2
Added Pin To Net: NetName=NetR33_1 Pin=R33-1
Added Pin To Net: NetName=NetD7_1 Pin=R33-2
Added Pin To Net: NetName=NetR33_1 Pin=R34-1
Added Pin To Net: NetName=VBAT_SEC_IN Pin=R34-2
Added Pin To Net: NetName=VBAT Pin=R35-1
Added Pin To Net: NetName=NetR35_2 Pin=R35-2
Added Pin To Net: NetName=GND Pin=R36-1
Added Pin To Net: NetName=SENSORS_EN Pin=R36-2
Added Pin To Net: NetName=GND Pin=R37-1
Added Pin To Net: NetName=NetR37_2 Pin=R37-2
Added Pin To Net: NetName=SPI_SX1272_MISO Pin=R38-1
Added Pin To Net: NetName=NetR38_2 Pin=R38-2
Added Pin To Net: NetName=NetC35_2 Pin=R39-1
Added Pin To Net: NetName=NetC38_2 Pin=R39-2
Added Pin To Net: NetName=Antenna Pin=R40-1
Added Pin To Net: NetName=NetC36_1 Pin=R40-2
Added Pin To Net: NetName=NetC44_1 Pin=R41-1
Added Pin To Net: NetName=RXTX Pin=R41-2
Added Pin To Net: NetName=NetQ3_2 Pin=R42-2
Added Pin To Net: NetName=I2C_SCL_1V8 Pin=R43-1
Added Pin To Net: NetName=1V8 Pin=R43-2
Added Pin To Net: NetName=1V8 Pin=R44-1
Added Pin To Net: NetName=NetQ3_5 Pin=R44-2
Added Pin To Net: NetName=I2C_SDA_1V8 Pin=R45-1
Added Pin To Net: NetName=1V8 Pin=R45-2
Added Pin To Net: NetName=TEMP_ADC Pin=RT1-1
Added Pin To Net: NetName=3V0_REF Pin=RT1-2
Added Pin To Net: NetName=NetC12_2 Pin=TP1-1
Added Pin To Net: NetName=NetR12_1 Pin=TP2-1
Added Pin To Net: NetName=TEMP_ADC Pin=TP3-1
Added Pin To Net: NetName=I2C_SCL Pin=TP4-1
Added Pin To Net: NetName=I2C_SDA Pin=TP5-1
Added Pin To Net: NetName=SPI_SX1272_CS Pin=TP6-1
Added Pin To Net: NetName=SPI_AS3935_CS Pin=TP7-1
Added Pin To Net: NetName=SPI_SX1272_CLK Pin=TP8-1
Added Pin To Net: NetName=SPI_AS3935_CLK Pin=TP9-1
Added Pin To Net: NetName=SPI_SX1272_MISO Pin=TP10-1
Added Pin To Net: NetName=SPI_AS3935_MISO Pin=TP11-1
Added Pin To Net: NetName=SPI_SX1272_MOSI Pin=TP12-1
Added Pin To Net: NetName=SPI_AS3935_MOSI Pin=TP13-1
Added Pin To Net: NetName=NetQ1_2 Pin=TP14-1
Added Pin To Net: NetName=NetQ1_5 Pin=TP15-1
Added Pin To Net: NetName=IO_DEBUG Pin=TP16-1
Added Pin To Net: NetName=VBAT_PR_IN Pin=TP17-1
Added Pin To Net: NetName=VBAT Pin=TP18-1
Added Pin To Net: NetName=3V0_REF Pin=TP19-1
Added Pin To Net: NetName=NetR33_1 Pin=TP20-1
Added Pin To Net: NetName=3V3_OUT Pin=TP21-1
Added Pin To Net: NetName=VBAT Pin=TP24-1
Added Pin To Net: NetName=1V8 Pin=TP25-1
Added Pin To Net: NetName=GND Pin=TP26-1
Added Pin To Net: NetName=VBAT Pin=U1-1
Added Pin To Net: NetName=NetC9_2 Pin=U1-3
Added Pin To Net: NetName=NetC10_1 Pin=U1-4
Added Pin To Net: NetName=NRST Pin=U1-7
Added Pin To Net: NetName=GND Pin=U1-8
Added Pin To Net: NetName=3V0_REF Pin=U1-9
Added Pin To Net: NetName=IO_DEBUG Pin=U1-12
Added Pin To Net: NetName=SX1272_NRST Pin=U1-14
Added Pin To Net: NetName=NetR2_1 Pin=U1-15
Added Pin To Net: NetName=SPI_SX1272_MISO Pin=U1-16
Added Pin To Net: NetName=NetR3_1 Pin=U1-17
Added Pin To Net: NetName=NetR1_2 Pin=U1-18
Added Pin To Net: NetName=REF_EN Pin=U1-19
Added Pin To Net: NetName=GND Pin=U1-23
Added Pin To Net: NetName=VBAT Pin=U1-24
Added Pin To Net: NetName=NetR6_2 Pin=U1-25
Added Pin To Net: NetName=NetR7_2 Pin=U1-26
Added Pin To Net: NetName=SPI_AS3935_MISO Pin=U1-27
Added Pin To Net: NetName=NetR8_2 Pin=U1-28
Added Pin To Net: NetName=VREG_EN Pin=U1-30
Added Pin To Net: NetName=LTNG_WDG Pin=U1-31
Added Pin To Net: NetName=SWDIO Pin=U1-34
Added Pin To Net: NetName=GND Pin=U1-35
Added Pin To Net: NetName=VBAT Pin=U1-36
Added Pin To Net: NetName=SWCLK Pin=U1-37
Added Pin To Net: NetName=SWO Pin=U1-39
Added Pin To Net: NetName=iSENSE_ADC Pin=U1-40
Added Pin To Net: NetName=TEMP_WDG Pin=U1-41
Added Pin To Net: NetName=TEMP_ADC Pin=U1-42
Added Pin To Net: NetName=SENSORS_EN Pin=U1-43
Added Pin To Net: NetName=NetR4_2 Pin=U1-45
Added Pin To Net: NetName=NetR5_2 Pin=U1-46
Added Pin To Net: NetName=GND Pin=U1-47
Added Pin To Net: NetName=VBAT Pin=U1-48
Added Pin To Net: NetName=TEMP_WDG Pin=U3-1
Added Pin To Net: NetName=3V0_REF Pin=U3-2
Added Pin To Net: NetName=NetR12_1 Pin=U3-3
Added Pin To Net: NetName=TEMP_ADC Pin=U3-4
Added Pin To Net: NetName=GND Pin=U3-5
Added Pin To Net: NetName=GND Pin=U4-1
Added Pin To Net: NetName=REF_EN Pin=U4-3
Added Pin To Net: NetName=VBAT Pin=U4-4
Added Pin To Net: NetName=3V0_REF Pin=U4-5
Added Pin To Net: NetName=GND Pin=U5-1
Added Pin To Net: NetName=GND Pin=U5-2
Added Pin To Net: NetName=iSENSE_ADC Pin=U5-3
Added Pin To Net: NetName=NetR33_1 Pin=U5-3
Added Pin To Net: NetName=NetD7_1 Pin=U5-4
Added Pin To Net: NetName=SENSORS_EN Pin=U6-1
Added Pin To Net: NetName=NetR35_2 Pin=U6-2
Added Pin To Net: NetName=GND Pin=U6-4
Added Pin To Net: NetName=NetR37_2 Pin=U6-5
Added Pin To Net: NetName=VBAT Pin=U6-6
Added Pin To Net: NetName=VBAT Pin=U6-7
Added Pin To Net: NetName=3V3_OUT Pin=U6-8
Added Pin To Net: NetName=VBAT Pin=U6-9
Added Pin To Net: NetName=3V3_OUT Pin=U6-10
Added Pin To Net: NetName=VBAT Pin=U7-1
Added Pin To Net: NetName=3V0_REF Pin=U7-2
Added Pin To Net: NetName=VBAT Pin=U7-3
Added Pin To Net: NetName=NetC32_2 Pin=U7-4
Added Pin To Net: NetName=NetC33_1 Pin=U7-5
Added Pin To Net: NetName=SX1272_NRST Pin=U7-6
Added Pin To Net: NetName=VBAT Pin=U7-15
Added Pin To Net: NetName=GND Pin=U7-16
Added Pin To Net: NetName=SPI_SX1272_CLK Pin=U7-17
Added Pin To Net: NetName=NetR38_2 Pin=U7-18
Added Pin To Net: NetName=SPI_SX1272_MOSI Pin=U7-19
Added Pin To Net: NetName=SPI_SX1272_CS Pin=U7-20
Added Pin To Net: NetName=GND Pin=U7-22
Added Pin To Net: NetName=RXTX Pin=U7-23
Added Pin To Net: NetName=RFI Pin=U7-25
Added Pin To Net: NetName=GND Pin=U7-26
Added Pin To Net: NetName=PA_BOOST Pin=U7-27
Added Pin To Net: NetName=VR_PA Pin=U7-28
Added Pin To Net: NetName=GND Pin=U7-29
Added Pin To Net: NetName=NetC35_1 Pin=U8-1
Added Pin To Net: NetName=GND Pin=U8-2
Added Pin To Net: NetName=NetC43_1 Pin=U8-3
Added Pin To Net: NetName=NetC44_1 Pin=U8-4
Added Pin To Net: NetName=NetC36_2 Pin=U8-5
Added Pin To Net: NetName=NetC34_1 Pin=U8-6
Added Pin To Net: NetName=1V8 Pin=U9-1
Added Pin To Net: NetName=I2C_SDA_1V8 Pin=U9-3
Added Pin To Net: NetName=GND Pin=U9-4
Added Pin To Net: NetName=1V8 Pin=U9-5
Added Pin To Net: NetName=I2C_SCL_1V8 Pin=U9-6
Added Pin To Net: NetName=GND Pin=U10-1
Added Pin To Net: NetName=VBAT Pin=U10-2
Added Pin To Net: NetName=VBAT Pin=U10-5
Added Pin To Net: NetName=VBAT Pin=U10-6
Added Pin To Net: NetName=GND Pin=U10-7
Added Pin To Net: NetName=VBAT Pin=U10-8
Added Pin To Net: NetName=GND Pin=U11-1
Added Pin To Net: NetName=1V8 Pin=U11-2
Added Pin To Net: NetName=NetC10_1 Pin=Y1-1
Added Pin To Net: NetName=NetC9_2 Pin=Y1-2
Added Pin To Net: NetName=NetC33_1 Pin=Y2-1
Added Pin To Net: NetName=GND Pin=Y2-2
Added Pin To Net: NetName=NetC32_2 Pin=Y2-3
Added Pin To Net: NetName=GND Pin=Y2-4
Added Member To Class: ClassName=Microcontroller Interface Member=Component C1 CL21A475KACLRNC
Added Member To Class: ClassName=Microcontroller Interface Member=Component C2 885012106022
Added Member To Class: ClassName=Microcontroller Interface Member=Component C3 885012206046
Added Member To Class: ClassName=Microcontroller Interface Member=Component C4 885012206046
Added Member To Class: ClassName=Microcontroller Interface Member=Component C5 885012206046
Added Member To Class: ClassName=Microcontroller Interface Member=Component C6 885012206046
Added Member To Class: ClassName=Microcontroller Interface Member=Component C7 885012106022
Added Member To Class: ClassName=Microcontroller Interface Member=Component C8 885012206046
Added Member To Class: ClassName=Microcontroller Interface Member=Component C9 GQM1885C2A6R8CB01D
Added Member To Class: ClassName=Microcontroller Interface Member=Component C10 GQM1885C2A6R8CB01D
Added Member To Class: ClassName=Sensors Member=Component C11 GRM21BR61E106MA73L
Added Member To Class: ClassName=Sensors Member=Component C12 GRM1885C1H102JA01J
Added Member To Class: ClassName=Sensors Member=Component C13 885012106022
Added Member To Class: ClassName=Sensors Member=Component C14 885012106022
Added Member To Class: ClassName=Sensors Member=Component C15 885012106022
Added Member To Class: ClassName=Sensors Member=Component C16 885012206046
Added Member To Class: ClassName=Sensors Member=Component C17 885012206046
Added Member To Class: ClassName=Power Stage Member=Component C18 DB-5R5D105T
Added Member To Class: ClassName=Power Stage Member=Component C19 885012206046
Added Member To Class: ClassName=Power Stage Member=Component C20 GRM21BR61E106MA73L
Added Member To Class: ClassName=Power Stage Member=Component C21 885012206046
Added Member To Class: ClassName=Power Stage Member=Component C22 885012206046
Added Member To Class: ClassName=Power Stage Member=Component C23 CL21A475KACLRNC
Added Member To Class: ClassName=Power Stage Member=Component C24 885012206046
Added Member To Class: ClassName=Power Stage Member=Component C25 885012206046
Added Member To Class: ClassName=Power Stage Member=Component C26 GRM21BR61E106MA73L
Added Member To Class: ClassName=Power Stage Member=Component C27 GRM21BR61E106MA73L
Added Member To Class: ClassName=LoRa Transceiver Member=Component C28 885012206046
Added Member To Class: ClassName=LoRa Transceiver Member=Component C29 885012206046
Added Member To Class: ClassName=LoRa Transceiver Member=Component C30 885012206046
Added Member To Class: ClassName=LoRa Transceiver Member=Component C31 885012206046
Added Member To Class: ClassName=LoRa Transceiver Member=Component C32 GQM1885C2A6R8CB01D
Added Member To Class: ClassName=LoRa Transceiver Member=Component C33 GQM1885C2A6R8CB01D
Added Member To Class: ClassName=LoRa Transceiver Member=Component C34 GCM155R71H102KA37D
Added Member To Class: ClassName=LoRa Transceiver Member=Component C35 GCM1555C1H470JA16D
Added Member To Class: ClassName=LoRa Transceiver Member=Component C36 GCM1555C1H470JA16D
Added Member To Class: ClassName=LoRa Transceiver Member=Component C37 GJM1555C1H3R3CB01D
Added Member To Class: ClassName=LoRa Transceiver Member=Component C38 GJM1555C1H3R3CB01D
Added Member To Class: ClassName=LoRa Transceiver Member=Component C39 GJM1555C1H3R3CB01D
Added Member To Class: ClassName=LoRa Transceiver Member=Component C40 GJM1555C1H3R3CB01D
Added Member To Class: ClassName=LoRa Transceiver Member=Component C41 GCM155R71E103KA37D
Added Member To Class: ClassName=LoRa Transceiver Member=Component C42 GCM1555C1H470JA16D
Added Member To Class: ClassName=LoRa Transceiver Member=Component C43 GJM1555C1H1R2CB01D
Added Member To Class: ClassName=LoRa Transceiver Member=Component C44 GCM155R71H102KA37D
Added Member To Class: ClassName=LoRa Transceiver Member=Component C45 GCM1555C1H220JA16D
Added Member To Class: ClassName=LoRa Transceiver Member=Component C46 GCM1555C1H8R2CA16D
Added Member To Class: ClassName=LoRa Transceiver Member=Component C47 GCM1555C1H8R2CA16D
Added Member To Class: ClassName=LoRa Transceiver Member=Component C48 GJM1555C1H3R3CB01D
Added Member To Class: ClassName=Off-Board Sensors Member=Component C49 885012206046
Added Member To Class: ClassName=Off-Board Sensors Member=Component C50 885012106022
Added Member To Class: ClassName=Off-Board Sensors Member=Component C51 885012206046
Added Member To Class: ClassName=Off-Board Sensors Member=Component C52 885012206046
Added Member To Class: ClassName=Off-Board Sensors Member=Component C53 885012106022
Added Member To Class: ClassName=Microcontroller Interface Member=Component D1 NSP4201MR6T1G
Added Member To Class: ClassName=Debug Member=Component D2 TLMO1000-GS08
Added Member To Class: ClassName=Debug Member=Component D3 APHD1608LCGCK
Added Member To Class: ClassName=Debug Member=Component D4 TLMS1000-GS08
Added Member To Class: ClassName=Debug Member=Component D5 TLMS1000-GS08
Added Member To Class: ClassName=Power Stage Member=Component D6 PMEG2010ER,115
Added Member To Class: ClassName=Power Stage Member=Component D7 PMEG2010ER,115
Added Member To Class: ClassName=Off-Board Sensors Member=Component D8 NSP4201MR6T1G
Added Member To Class: ClassName=Sensors Member=Component L1 100uH
Added Member To Class: ClassName=LoRa Transceiver Member=Component L2 LQG15HS10NJ02D
Added Member To Class: ClassName=LoRa Transceiver Member=Component L3 LQW15AN33NJ00D
Added Member To Class: ClassName=LoRa Transceiver Member=Component L4 LQW15AN2N7D00D
Added Member To Class: ClassName=LoRa Transceiver Member=Component L5 LQW15AN5N6C10D
Added Member To Class: ClassName=LoRa Transceiver Member=Component L6 LQW15AN5N6C10D
Added Member To Class: ClassName=Debug Member=Component Q1 BSD 223P
Added Member To Class: ClassName=Debug Member=Component Q2 NTJD5121NT1G
Added Member To Class: ClassName=Off-Board Sensors Member=Component Q3 NTJD5121NT1G
Added Member To Class: ClassName=Microcontroller Interface Member=Component R1 CRCW060333R0FKEAC
Added Member To Class: ClassName=Microcontroller Interface Member=Component R2 CRCW060333R0FKEAC
Added Member To Class: ClassName=Microcontroller Interface Member=Component R3 CRCW060333R0FKEAC
Added Member To Class: ClassName=Microcontroller Interface Member=Component R4 CRCW060333R0FKEAC
Added Member To Class: ClassName=Microcontroller Interface Member=Component R5 CRCW060333R0FKEAC
Added Member To Class: ClassName=Microcontroller Interface Member=Component R6 CRCW060333R0FKEAC
Added Member To Class: ClassName=Microcontroller Interface Member=Component R7 CRCW060333R0FKEAC
Added Member To Class: ClassName=Microcontroller Interface Member=Component R8 CRCW060333R0FKEAC
Added Member To Class: ClassName=Microcontroller Interface Member=Component R9 RC0603FR-0710KL
Added Member To Class: ClassName=Sensors Member=Component R10 RC0603FR-0710KL
Added Member To Class: ClassName=Sensors Member=Component R11 CRCW060333R0FKEAC
Added Member To Class: ClassName=Sensors Member=Component R12 RC0603FR-0742K2L
Added Member To Class: ClassName=Sensors Member=Component R13 CR0603-FX-2003ELF
Added Member To Class: ClassName=Sensors Member=Component R14 RT0603FRE07220KL
Added Member To Class: ClassName=Sensors Member=Component R15 ERA-3AEB104V
Added Member To Class: ClassName=Debug Member=Component R16 ERJ-3EKF4701V
Added Member To Class: ClassName=Debug Member=Component R17 ERJ-3EKF4701V
Added Member To Class: ClassName=Debug Member=Component R18 RC0603FR-0710KL
Added Member To Class: ClassName=Debug Member=Component R19 RC0603FR-0710KL
Added Member To Class: ClassName=Debug Member=Component R20 ERA-3AEB104V
Added Member To Class: ClassName=Debug Member=Component R21 ERJ-3EKF9090V
Added Member To Class: ClassName=Debug Member=Component R22 ERJ-3EKF9090V
Added Member To Class: ClassName=Debug Member=Component R23 ERA-3AEB104V
Added Member To Class: ClassName=Debug Member=Component R24 ERJ-3GEYJ132V
Added Member To Class: ClassName=Debug Member=Component R25 ERJ-3GEYJ132V
Added Member To Class: ClassName=Debug Member=Component R26 ERJ-3EKF9090V
Added Member To Class: ClassName=Debug Member=Component R27 ERJ-3EKF6190V
Added Member To Class: ClassName=Debug Member=Component R28 ERJ-3GEYJ132V
Added Member To Class: ClassName=Debug Member=Component R29 ERJ-3GEYJ132V
Added Member To Class: ClassName=Debug Member=Component R30 ERA-3AEB104V
Added Member To Class: ClassName=Debug Member=Component R31 ERA-3AEB104V
Added Member To Class: ClassName=Power Stage Member=Component R32 RC0603FR-0710KL
Added Member To Class: ClassName=Power Stage Member=Component R33 HRG3216Q-30R0-D-T1
Added Member To Class: ClassName=Power Stage Member=Component R34 ERJ-3GEYJ132V
Added Member To Class: ClassName=Power Stage Member=Component R35 RC0603FR-0720KL
Added Member To Class: ClassName=Power Stage Member=Component R36 RC0603FR-0710KL
Added Member To Class: ClassName=Power Stage Member=Component R37 ERJ-3GEYJ132V
Added Member To Class: ClassName=LoRa Transceiver Member=Component R38 CRCW060333R0FKEAC
Added Member To Class: ClassName=LoRa Transceiver Member=Component R39 CRCW04020000Z0EDC
Added Member To Class: ClassName=LoRa Transceiver Member=Component R40 CRCW04020000Z0EDC
Added Member To Class: ClassName=LoRa Transceiver Member=Component R41 ESR03EZPJ102
Added Member To Class: ClassName=Off-Board Sensors Member=Component R42 CRCW060333R0FKEAC
Added Member To Class: ClassName=Off-Board Sensors Member=Component R43 RC0603FR-0710KL
Added Member To Class: ClassName=Off-Board Sensors Member=Component R44 CRCW060333R0FKEAC
Added Member To Class: ClassName=Off-Board Sensors Member=Component R45 RC0603FR-0710KL
Added Member To Class: ClassName=Sensors Member=Component RT1 NTCG164KF104FTDS
Added Member To Class: ClassName=Sensors Member=Component TP1 Via
Added Member To Class: ClassName=Sensors Member=Component TP2 Via
Added Member To Class: ClassName=Sensors Member=Component TP3 5003
Added Member To Class: ClassName=Debug Member=Component TP4 5003
Added Member To Class: ClassName=Debug Member=Component TP5 5003
Added Member To Class: ClassName=Debug Member=Component TP6 5003
Added Member To Class: ClassName=Debug Member=Component TP7 5003
Added Member To Class: ClassName=Debug Member=Component TP8 5003
Added Member To Class: ClassName=Debug Member=Component TP9 5003
Added Member To Class: ClassName=Debug Member=Component TP10 5003
Added Member To Class: ClassName=Debug Member=Component TP11 5003
Added Member To Class: ClassName=Debug Member=Component TP12 5003
Added Member To Class: ClassName=Debug Member=Component TP13 5003
Added Member To Class: ClassName=Debug Member=Component TP14 Via
Added Member To Class: ClassName=Debug Member=Component TP15 Via
Added Member To Class: ClassName=Debug Member=Component TP16 Via
Added Member To Class: ClassName=Power Stage Member=Component TP17 Via
Added Member To Class: ClassName=Power Stage Member=Component TP18 5003
Added Member To Class: ClassName=Power Stage Member=Component TP19 Via
Added Member To Class: ClassName=Power Stage Member=Component TP20 Via
Added Member To Class: ClassName=Power Stage Member=Component TP21 Via
Added Member To Class: ClassName=Off-Board Sensors Member=Component TP22 5003
Added Member To Class: ClassName=Off-Board Sensors Member=Component TP23 5003
Added Member To Class: ClassName=Off-Board Sensors Member=Component TP24 5003
Added Member To Class: ClassName=Off-Board Sensors Member=Component TP25 5003
Added Member To Class: ClassName=Off-Board Sensors Member=Component TP26 5003
Added Member To Class: ClassName=Microcontroller Interface Member=Component U1 STM32L433CCT6
Added Member To Class: ClassName=Sensors Member=Component U3 TS881ILT
Added Member To Class: ClassName=Power Stage Member=Component U4 LM4120IM5-3.0/NOPB
Added Member To Class: ClassName=Power Stage Member=Component U5 MAX9938WEUK+
Added Member To Class: ClassName=Power Stage Member=Component U6 MIC2041
Added Member To Class: ClassName=LoRa Transceiver Member=Component U7 SX1272IMLTRT
Added Member To Class: ClassName=LoRa Transceiver Member=Component U8 PE4259-63
Added Member To Class: ClassName=Off-Board Sensors Member=Component U9 SGP30
Added Member To Class: ClassName=Off-Board Sensors Member=Component U10 BME280
Added Member To Class: ClassName=Off-Board Sensors Member=Component U11 AP2138N-1.8TRG1
Added Member To Class: ClassName=Microcontroller Interface Member=Component Y1 NX3215SA-32.768K
Added Member To Class: ClassName=LoRa Transceiver Member=Component Y2 FA-20H 32.0000MF12Y-W3
Added Room: Name=Debug
Added Room: Name=LoRa Transceiver
Added Room: Name=Microcontroller Interface
Added Room: Name=Off-Board Sensors
Added Room: Name=Power Stage
Added Room: Name=Sensors
PCB-ECO: Change Pad Pin/Pkg Length: Old=0mm New=1mm
PCB-ECO: Change Pad Pin/Pkg Length: Old=0mm New=1mm
PCB-ECO: Change Pad Pin/Pkg Length: Old=0mm New=1mm
PCB-ECO: Change Pad Pin/Pkg Length: Old=0mm New=1mm
PCB-ECO: Change Pad Pin/Pkg Length: Old=0mm New=1mm
PCB-ECO: Change Pad Pin/Pkg Length: Old=0mm New=1mm
