Removed Pin From Net: NetName=SWO Pin=D1-3
Removed Pin From Net: NetName=VBAT Pin=D1-5
Removed Pin From Net: NetName=NRST Pin=D1-6
Added Component: Designator=U2(AS3935)
Add component. Clean all parameters for all variants
Added Pin To Net: NetName=NRST Pin=D1-5
Added Pin To Net: NetName=SWO Pin=D1-6
Added Pin To Net: NetName=VBAT Pin=U2-1
Added Pin To Net: NetName=NetC12_2 Pin=U2-2
Added Pin To Net: NetName=NetC12_1 Pin=U2-3
Added Pin To Net: NetName=GND Pin=U2-4
Added Pin To Net: NetName=NetC13_2 Pin=U2-5
Added Pin To Net: NetName=NetC13_2 Pin=U2-6
Added Pin To Net: NetName=VREG_EN Pin=U2-7
Added Pin To Net: NetName=SPI_AS3935_CS Pin=U2-8
Added Pin To Net: NetName=GND Pin=U2-9
Added Pin To Net: NetName=LTNG_WDG Pin=U2-10
Added Pin To Net: NetName=SPI_AS3935_CLK Pin=U2-11
Added Pin To Net: NetName=NetR11_2 Pin=U2-12
Added Pin To Net: NetName=SPI_AS3935_MOSI Pin=U2-13
Added Pin To Net: NetName=GND Pin=U2-14
Added Pin To Net: NetName=GND Pin=U2-15
Added Pin To Net: NetName=GND Pin=U2-16
Added Pin To Net: NetName=GND Pin=U2-17
Added Member To Class: ClassName=Sensors Member=Component U2 AS3935
Added Room: Name=Debug
Added Room: Name=LoRa Transceiver
Added Room: Name=Microcontroller Interface
Added Room: Name=Off-Board Sensors
Added Room: Name=Power Stage
Added Room: Name=Sensors
