Removed Pin From Net: NetName=3V3_OUT Pin=J3-1
Removed Pin From Net: NetName=3V3_OUT Pin=J3-1
Removed Pin From Net: NetName=VBAT_PR_IN Pin=J3-5
Removed Pin From Net: NetName=VBAT_PR_IN Pin=J3-5
Removed Pin From Net: NetName=GND Pin=J3-6
Removed Pin From Net: NetName=GND Pin=J3-6
Removed Member From Class: ClassName=LoRa Transceiver Member=C48
Removed Member From Class: ClassName=Power Stage Member=C62
Removed Member From Class: ClassName=Power Stage Member=J3
Change Component Comment : Designator=J3 Old Comment=1986775-6 New Comment=5-1814832-1
Change Component Designator: OldDesignator=1V8 NewDesignator=1
Change Component Designator: OldDesignator=C22 NewDesignator=C23
Change Component Designator: OldDesignator=C23 NewDesignator=C24
Change Component Designator: OldDesignator=C24 NewDesignator=C25
Change Component Designator: OldDesignator=C25 NewDesignator=C26
Change Component Designator: OldDesignator=C26 NewDesignator=C27
Change Component Designator: OldDesignator=C27 NewDesignator=C28
Change Component Designator: OldDesignator=C28 NewDesignator=C29
Change Component Designator: OldDesignator=C29 NewDesignator=C30
Change Component Designator: OldDesignator=C30 NewDesignator=C31
Change Component Designator: OldDesignator=C31 NewDesignator=C32
Change Component Designator: OldDesignator=C32 NewDesignator=C33
Change Component Designator: OldDesignator=C33 NewDesignator=C34
Change Component Designator: OldDesignator=C34 NewDesignator=C37
Change Component Designator: OldDesignator=C35 NewDesignator=C46
Change Component Designator: OldDesignator=C36 NewDesignator=C40
Change Component Designator: OldDesignator=C37 NewDesignator=C48
Change Component Designator: OldDesignator=C38 NewDesignator=C49
Change Component Designator: OldDesignator=C39 NewDesignator=C44
Change Component Designator: OldDesignator=C40 NewDesignator=C45
Change Component Designator: OldDesignator=C41 NewDesignator=C35
Change Component Designator: OldDesignator=C42 NewDesignator=C36
Change Component Designator: OldDesignator=C43 NewDesignator=C38
Change Component Designator: OldDesignator=C44 NewDesignator=C47
Change Component Designator: OldDesignator=C45 NewDesignator=C39
Change Component Designator: OldDesignator=C46 NewDesignator=C41
Change Component Designator: OldDesignator=C47 NewDesignator=C42
Change Component Designator: OldDesignator=C48 NewDesignator=C43
Change Component Designator: OldDesignator=C49 NewDesignator=C50
Change Component Designator: OldDesignator=C50 NewDesignator=C51
Change Component Designator: OldDesignator=C51 NewDesignator=C52
Change Component Designator: OldDesignator=C52 NewDesignator=C53
Change Component Designator: OldDesignator=C53 NewDesignator=C54
Change Component Designator: OldDesignator=C54 NewDesignator=C55
Change Component Designator: OldDesignator=C62 NewDesignator=C22
Change Component Designator: OldDesignator=GND NewDesignator=GND1
Change Component Designator: OldDesignator=J2 NewDesignator=J4
Change Component Designator: OldDesignator=L2 NewDesignator=L6
Change Component Designator: OldDesignator=L3 NewDesignator=L2
Change Component Designator: OldDesignator=L4 NewDesignator=L3
Change Component Designator: OldDesignator=L5 NewDesignator=L4
Change Component Designator: OldDesignator=L6 NewDesignator=L5
Change Component Designator: OldDesignator=R40 NewDesignator=R39
Change Component Designator: OldDesignator=R41 NewDesignator=R40
Change Component Designator: OldDesignator=R42 NewDesignator=R41
Change Component Designator: OldDesignator=R43 NewDesignator=R42
Change Component Designator: OldDesignator=R44 NewDesignator=R43
Change Component Designator: OldDesignator=R45 NewDesignator=R44
Change Component Designator: OldDesignator=R46 NewDesignator=R45
Change Component Designator: OldDesignator=R47 NewDesignator=R46
Change Component Designator: OldDesignator=REF NewDesignator=REF1
Change Component Designator: OldDesignator=S_SCL NewDesignator=S_SCL1
Change Component Designator: OldDesignator=S_SDA NewDesignator=S_SDA1
Change Component Designator: OldDesignator=S_VBAT NewDesignator=S_VBAT1
Change Component Designator: OldDesignator=SCL NewDesignator=SCL1
Change Component Designator: OldDesignator=SCL_1V8 NewDesignator=SCL_1
Change Component Designator: OldDesignator=SDA NewDesignator=SDA1
Change Component Designator: OldDesignator=SDA_1V8 NewDesignator=SDA_1
Change Component Designator: OldDesignator=TP2 NewDesignator=TP1
Change Component Designator: OldDesignator=TP3 NewDesignator=TP2
Change Component Designator: OldDesignator=TP14 NewDesignator=TP3
Change Component Designator: OldDesignator=TP15 NewDesignator=TP4
Change Component Designator: OldDesignator=TP16 NewDesignator=TP5
Change Component Designator: OldDesignator=TP17 NewDesignator=TP6
Change Component Designator: OldDesignator=TP20 NewDesignator=TP7
Change Component Designator: OldDesignator=TP21 NewDesignator=TP8
Change Component Designator: OldDesignator=U10 NewDesignator=U12
Change Component Designator: OldDesignator=U11 NewDesignator=U13
Change Component Designator: OldDesignator=U12 NewDesignator=U11
Change Component Designator: OldDesignator=U13 NewDesignator=U10
Change Component Designator: OldDesignator=VBAT NewDesignator=VBAT1
Added Component: Designator=J2(1986775-6)
Add component. Clean all parameters for all variants
Added Pin To Net: NetName=GND Pin=J3-2
Added Pin To Net: NetName=GND Pin=J3-2
Added Pin To Net: NetName=GND Pin=J3-3
Added Pin To Net: NetName=GND Pin=J3-3
Added Pin To Net: NetName=GND Pin=J3-5
Added Pin To Net: NetName=GND Pin=J3-5
Change Net Name : Old Net Name=NetC28_2 New Net Name=NetC29_2
Change Net Name : Old Net Name=NetC29_2 New Net Name=NetC30_2
Change Net Name : Old Net Name=NetC32_2 New Net Name=NetC33_2
Change Net Name : Old Net Name=NetC33_1 New Net Name=NetC34_1
Change Net Name : Old Net Name=NetC34_1 New Net Name=NetC37_1
Change Net Name : Old Net Name=NetC35_1 New Net Name=NetC46_1
Change Net Name : Old Net Name=NetC35_2 New Net Name=NetC46_2
Change Net Name : Old Net Name=NetC36_1 New Net Name=NetC40_1
Change Net Name : Old Net Name=NetC36_2 New Net Name=NetC40_2
Change Net Name : Old Net Name=NetC38_2 New Net Name=NetC49_2
Change Net Name : Old Net Name=NetC43_1 New Net Name=NetC38_1
Change Net Name : Old Net Name=NetC43_2 New Net Name=NetC38_2
Change Net Name : Old Net Name=NetC44_1 New Net Name=NetC47_1
Change Net Name : Old Net Name=NetC45_1 New Net Name=NetC39_1
Change Net Name : Old Net Name=NetC45_2 New Net Name=NetC39_2
Change Net Name : Old Net Name=NetR46_1 New Net Name=NetR45_1
Change Net Name : Old Net Name=NetR47_1 New Net Name=NetR46_1
Change Net Name : Old Net Name=NetU12_4 New Net Name=NetU11_4
Added Pin To Net: NetName=NetC45_2 Pin=C45-2
Added Pin To Net: NetName=NetC45_2 Pin=J3-1
Added Pin To Net: NetName=NetC45_2 Pin=J3-1
Added Pin To Net: NetName=NetC45_2 Pin=R39-1
Added Net: Name=NetC45_2
Added Member To Class: ClassName=Power Stage Member=Component C28 GRM21BR61E106MA73L
Added Member To Class: ClassName=LoRa Transceiver Member=Component C49 GJM1555C1H3R3CB01D
Added Member To Class: ClassName=Power Stage Member=Component J2 1986775-6
Added Member To Class: ClassName=LoRa Transceiver Member=Component J3 5-1814832-1
PCB-ECO: Change Pad Pin/Pkg Length: Old=0mm New=1mm
PCB-ECO: Change Pad Pin/Pkg Length: Old=0mm New=1mm
PCB-ECO: Change Pad Pin/Pkg Length: Old=0mm New=1mm
PCB-ECO: Change Pad Pin/Pkg Length: Old=0mm New=1mm
PCB-ECO: Change Pad Pin/Pkg Length: Old=0mm New=1mm
PCB-ECO: Change Pad Pin/Pkg Length: Old=0mm New=1mm
PCB-ECO: Change Pad Pin/Pkg Length: Old=1mm New=0mm
PCB-ECO: Change Pad Pin/Pkg Length: Old=1mm New=0mm
PCB-ECO: Change Pad Pin/Pkg Length: Old=1mm New=0mm
