Change Component Designator: Old Designator=1V8 New Designator=1
Change Component Designator: Old Designator=C49 New Designator=C50
Change Component Designator: Old Designator=C50 New Designator=C51
Change Component Designator: Old Designator=C51 New Designator=C52
Change Component Designator: Old Designator=C52 New Designator=C53
Change Component Designator: Old Designator=C53 New Designator=C54
Change Component Designator: Old Designator=C54 New Designator=C55
Change Component Designator: Old Designator=GND New Designator=GND1
Change Component Designator: Old Designator=J2 New Designator=J3
Change Component Designator: Old Designator=R42 New Designator=R41
Change Component Designator: Old Designator=R43 New Designator=R42
Change Component Designator: Old Designator=R44 New Designator=R43
Change Component Designator: Old Designator=R45 New Designator=R44
Change Component Designator: Old Designator=R46 New Designator=R45
Change Component Designator: Old Designator=R47 New Designator=R46
Change Component Designator: Old Designator=S_SCL New Designator=S_SCL1
Change Component Designator: Old Designator=S_SDA New Designator=S_SDA1
Change Component Designator: Old Designator=SCL_1V8 New Designator=SCL_1
Change Component Designator: Old Designator=SDA_1V8 New Designator=SDA_1
Change Component Designator: Old Designator=U10 New Designator=U12
Change Component Designator: Old Designator=U11 New Designator=U13
Change Component Designator: Old Designator=U12 New Designator=U11
Change Component Designator: Old Designator=U13 New Designator=U10
Change Component Designator: Old Designator=VBAT New Designator=VBAT1
